<?xml version="1.0" encoding="UTF-8"?>
<!-- Generated by org.testng.reporters.JUnitXMLReporter -->
<testsuite ignored="3" hostname="DESKTOP-IJLMRJB" failures="0" tests="1" name="Default test" time="6.385" errors="0" timestamp="2025-11-06T19:15:37 IST">
  <testcase classname="testscript.LoginTest" name="verifyUserWithValidCredentials" time="1.888"/>
  <testcase classname="testscript.LoginTest" name="verifyUserWithInValidUsernameAndValidPassword" time="0.0">
    <ignored/>
  </testcase> <!-- verifyUserWithInValidUsernameAndValidPassword -->
  <testcase classname="testscript.LoginTest" name="verifyWithInvalidCredentials" time="0.0">
    <ignored/>
  </testcase> <!-- verifyWithInvalidCredentials -->
  <testcase classname="testscript.LoginTest" name="verifyUserWithValidUsernameAndInValidPassword" time="0.0">
    <ignored/>
  </testcase> <!-- verifyUserWithValidUsernameAndInValidPassword -->
</testsuite> <!-- Default test -->
