<?xml version="1.0" encoding="UTF-8"?>
<!-- Generated by org.testng.reporters.JUnitXMLReporter -->
<testsuite ignored="2" hostname="DESKTOP-IJLMRJB" failures="0" tests="1" name="Default test" time="6.363" errors="0" timestamp="2025-11-16T13:03:40 IST">
  <testcase classname="testscript.AdminUserTest" name="verifyUserAbleToAddNewAdminUser" time="2.579"/>
  <testcase classname="testscript.AdminUserTest" name="verifyUserAbleToResetAdminUser" time="0.0">
    <ignored/>
  </testcase> <!-- verifyUserAbleToResetAdminUser -->
  <testcase classname="testscript.AdminUserTest" name="verifyUserAbleToSearchNewlyAddedAdminUser" time="0.0">
    <ignored/>
  </testcase> <!-- verifyUserAbleToSearchNewlyAddedAdminUser -->
</testsuite> <!-- Default test -->
