<?xml version="1.0" encoding="UTF-8"?>
<!-- Generated by org.testng.reporters.JUnitReportReporter -->
<testsuite hostname="DESKTOP-IJLMRJB" failures="0" tests="4" name="testscript.LoginTest" time="9.413" errors="0" timestamp="2025-11-16T13:12:41 IST" skipped="0">
  <testcase classname="testscript.LoginTest" name="verifyWithInvalidCredentials" time="2.002"/>
  <testcase classname="testscript.LoginTest" name="verifyUserWithValidUsernameAndInValidPassword" time="1.945"/>
  <testcase classname="testscript.LoginTest" name="verifyUserWithInValidUsernameAndValidPassword" time="2.573"/>
  <testcase classname="testscript.LoginTest" name="verifyUserWithValidCredentials" time="2.893"/>
</testsuite> <!-- testscript.LoginTest -->
