<?xml version="1.0" encoding="UTF-8"?>
<!-- Generated by org.testng.reporters.JUnitXMLReporter -->
<testsuite ignored="0" hostname="DESKTOP-IJLMRJB" failures="0" tests="4" name="Test" time="9.481" errors="0" timestamp="2025-11-16T13:12:41 IST">
  <testcase classname="testscript.LoginTest" name="verifyUserWithInValidUsernameAndValidPassword" time="1.042"/>
  <testcase classname="testscript.LoginTest" name="verifyUserWithValidUsernameAndInValidPassword" time="0.44"/>
  <testcase classname="testscript.LoginTest" name="verifyWithInvalidCredentials" time="0.45"/>
  <testcase classname="testscript.LoginTest" name="verifyUserWithValidCredentials" time="0.429"/>
</testsuite> <!-- Test -->
