<?xml version="1.0" encoding="UTF-8"?>
<testng-results ignored="0" total="1" passed="1" failed="0" skipped="0">
  <reporter-output>
  </reporter-output>
  <suite started-at="2025-11-07T22:30:48 IST" name="Default suite" finished-at="2025-11-07T22:30:51 IST" duration-ms="3742">
    <groups>
    </groups>
    <test started-at="2025-11-07T22:30:48 IST" name="Default test" finished-at="2025-11-07T22:30:51 IST" duration-ms="3742">
      <class name="testscript.HomeTest">
        <test-method is-config="true" signature="initialiseBrowser()[pri:0, instance:testscript.HomeTest@61a88b8c]" started-at="2025-11-07T22:30:48 IST" name="initialiseBrowser" finished-at="2025-11-07T22:30:50 IST" duration-ms="2189" status="PASS">
          <reporter-output>
          </reporter-output>
        </test-method> <!-- initialiseBrowser -->
        <test-method signature="verifyUserCanLogoutSuccessfully()[pri:0, instance:testscript.HomeTest@61a88b8c]" started-at="2025-11-07T22:30:50 IST" name="verifyUserCanLogoutSuccessfully" finished-at="2025-11-07T22:30:51 IST" duration-ms="1513" status="PASS">
          <reporter-output>
          </reporter-output>
        </test-method> <!-- verifyUserCanLogoutSuccessfully -->
        <test-method is-config="true" signature="driverCloseandQuit()[pri:0, instance:testscript.HomeTest@61a88b8c]" started-at="2025-11-07T22:30:51 IST" name="driverCloseandQuit" finished-at="2025-11-07T22:30:51 IST" duration-ms="0" status="PASS">
          <reporter-output>
          </reporter-output>
        </test-method> <!-- driverCloseandQuit -->
      </class> <!-- testscript.HomeTest -->
    </test> <!-- Default test -->
  </suite> <!-- Default suite -->
</testng-results>
