<?xml version="1.0" encoding="UTF-8"?>
<testng-results ignored="0" total="4" passed="4" failed="0" skipped="0">
  <reporter-output>
  </reporter-output>
  <suite started-at="2025-11-16T13:12:31 IST" name="Suite" finished-at="2025-11-16T13:12:40 IST" duration-ms="9481">
    <groups>
    </groups>
    <test started-at="2025-11-16T13:12:31 IST" name="Test" finished-at="2025-11-16T13:12:40 IST" duration-ms="9481">
      <class name="testscript.LoginTest">
        <test-method is-config="true" signature="initialiseBrowser()[pri:0, instance:testscript.LoginTest@1991f767]" started-at="2025-11-16T13:12:31 IST" name="initialiseBrowser" finished-at="2025-11-16T13:12:33 IST" duration-ms="2463" status="PASS">
          <reporter-output>
          </reporter-output>
        </test-method> <!-- initialiseBrowser -->
        <test-method signature="verifyUserWithInValidUsernameAndValidPassword()[pri:0, instance:testscript.LoginTest@1991f767]" started-at="2025-11-16T13:12:33 IST" name="verifyUserWithInValidUsernameAndValidPassword" finished-at="2025-11-16T13:12:34 IST" duration-ms="1042" status="PASS">
          <reporter-output>
          </reporter-output>
        </test-method> <!-- verifyUserWithInValidUsernameAndValidPassword -->
        <test-method is-config="true" signature="driverCloseandQuit()[pri:0, instance:testscript.LoginTest@1991f767]" started-at="2025-11-16T13:12:34 IST" name="driverCloseandQuit" finished-at="2025-11-16T13:12:34 IST" duration-ms="1" status="PASS">
          <reporter-output>
          </reporter-output>
        </test-method> <!-- driverCloseandQuit -->
        <test-method is-config="true" signature="initialiseBrowser()[pri:0, instance:testscript.LoginTest@1991f767]" started-at="2025-11-16T13:12:34 IST" name="initialiseBrowser" finished-at="2025-11-16T13:12:36 IST" duration-ms="1530" status="PASS">
          <reporter-output>
          </reporter-output>
        </test-method> <!-- initialiseBrowser -->
        <test-method signature="verifyUserWithValidUsernameAndInValidPassword()[pri:0, instance:testscript.LoginTest@1991f767]" started-at="2025-11-16T13:12:36 IST" name="verifyUserWithValidUsernameAndInValidPassword" finished-at="2025-11-16T13:12:36 IST" duration-ms="440" status="PASS">
          <reporter-output>
          </reporter-output>
        </test-method> <!-- verifyUserWithValidUsernameAndInValidPassword -->
        <test-method is-config="true" signature="driverCloseandQuit()[pri:0, instance:testscript.LoginTest@1991f767]" started-at="2025-11-16T13:12:36 IST" name="driverCloseandQuit" finished-at="2025-11-16T13:12:36 IST" duration-ms="3" status="PASS">
          <reporter-output>
          </reporter-output>
        </test-method> <!-- driverCloseandQuit -->
        <test-method is-config="true" signature="initialiseBrowser()[pri:0, instance:testscript.LoginTest@1991f767]" started-at="2025-11-16T13:12:36 IST" name="initialiseBrowser" finished-at="2025-11-16T13:12:38 IST" duration-ms="1504" status="PASS">
          <reporter-output>
          </reporter-output>
        </test-method> <!-- initialiseBrowser -->
        <test-method signature="verifyWithInvalidCredentials()[pri:0, instance:testscript.LoginTest@1991f767]" started-at="2025-11-16T13:12:38 IST" name="verifyWithInvalidCredentials" finished-at="2025-11-16T13:12:38 IST" duration-ms="450" status="PASS">
          <reporter-output>
          </reporter-output>
        </test-method> <!-- verifyWithInvalidCredentials -->
        <test-method is-config="true" signature="driverCloseandQuit()[pri:0, instance:testscript.LoginTest@1991f767]" started-at="2025-11-16T13:12:38 IST" name="driverCloseandQuit" finished-at="2025-11-16T13:12:38 IST" duration-ms="1" status="PASS">
          <reporter-output>
          </reporter-output>
        </test-method> <!-- driverCloseandQuit -->
        <test-method is-config="true" signature="initialiseBrowser()[pri:0, instance:testscript.LoginTest@1991f767]" started-at="2025-11-16T13:12:38 IST" name="initialiseBrowser" finished-at="2025-11-16T13:12:40 IST" duration-ms="1549" status="PASS">
          <reporter-output>
          </reporter-output>
        </test-method> <!-- initialiseBrowser -->
        <test-method signature="verifyUserWithValidCredentials()[pri:1, instance:testscript.LoginTest@1991f767]" started-at="2025-11-16T13:12:40 IST" name="verifyUserWithValidCredentials" description="verifying user with valid credentials" finished-at="2025-11-16T13:12:40 IST" duration-ms="429" status="PASS">
          <reporter-output>
          </reporter-output>
        </test-method> <!-- verifyUserWithValidCredentials -->
        <test-method is-config="true" signature="driverCloseandQuit()[pri:0, instance:testscript.LoginTest@1991f767]" started-at="2025-11-16T13:12:40 IST" name="driverCloseandQuit" finished-at="2025-11-16T13:12:40 IST" duration-ms="1" status="PASS">
          <reporter-output>
          </reporter-output>
        </test-method> <!-- driverCloseandQuit -->
      </class> <!-- testscript.LoginTest -->
    </test> <!-- Test -->
  </suite> <!-- Suite -->
</testng-results>
